[2021-08-15 22:03:37.622] [exthost] [info] extension host started
[2021-08-15 22:03:37.622] [exthost] [info] Skipping acquiring lock for /home/starship/.config/VSCodium/User/workspaceStorage/552a2e3f5935cde74b5e4ca55038665e.
[2021-08-15 22:03:37.804] [exthost] [info] ExtensionService#_doActivateExtension vscode.emmet {"startup":false,"extensionId":{"value":"vscode.emmet","_lower":"vscode.emmet"},"activationEvent":"onLanguage:html"}
[2021-08-15 22:03:37.805] [exthost] [info] ExtensionService#loadCommonJSModule file:///usr/share/vscodium-bin/resources/app/extensions/emmet/dist/node/emmetNodeMain
[2021-08-15 22:03:37.830] [exthost] [info] ExtensionService#_doActivateExtension vscode.html-language-features {"startup":false,"extensionId":{"value":"vscode.html-language-features","_lower":"vscode.html-language-features"},"activationEvent":"onLanguage:html"}
[2021-08-15 22:03:37.830] [exthost] [info] ExtensionService#loadCommonJSModule file:///usr/share/vscodium-bin/resources/app/extensions/html-language-features/client/dist/node/htmlClientMain
[2021-08-15 22:03:37.941] [exthost] [info] ExtensionService#_doActivateExtension vscode.debug-auto-launch {"startup":true,"extensionId":{"value":"vscode.debug-auto-launch","_lower":"vscode.debug-auto-launch"},"activationEvent":"*"}
[2021-08-15 22:03:37.941] [exthost] [info] ExtensionService#loadCommonJSModule file:///usr/share/vscodium-bin/resources/app/extensions/debug-auto-launch/dist/extension
[2021-08-15 22:03:37.947] [exthost] [info] ExtensionService#_doActivateExtension vscode.git {"startup":true,"extensionId":{"value":"vscode.github","_lower":"vscode.github"},"activationEvent":"*"}
[2021-08-15 22:03:37.947] [exthost] [info] ExtensionService#loadCommonJSModule file:///usr/share/vscodium-bin/resources/app/extensions/git/dist/main
[2021-08-15 22:03:38.390] [exthost] [info] ExtensionService#_doActivateExtension vscode.github {"startup":true,"extensionId":{"value":"vscode.github","_lower":"vscode.github"},"activationEvent":"*"}
[2021-08-15 22:03:38.390] [exthost] [info] ExtensionService#loadCommonJSModule file:///usr/share/vscodium-bin/resources/app/extensions/github/dist/extension.js
[2021-08-15 22:03:38.445] [exthost] [info] ExtensionService#_doActivateExtension ms-vscode.js-debug {"startup":false,"extensionId":{"value":"ms-vscode.js-debug","_lower":"ms-vscode.js-debug"},"activationEvent":"onCommand:extension.js-debug.clearAutoAttachVariables"}
[2021-08-15 22:03:38.445] [exthost] [info] ExtensionService#loadCommonJSModule file:///usr/share/vscodium-bin/resources/app/extensions/ms-vscode.js-debug/src/extension.js
[2021-08-15 22:03:38.847] [exthost] [info] eager extensions activated
[2021-08-15 22:03:39.028] [exthost] [info] ExtensionService#_doActivateExtension vscode.merge-conflict {"startup":false,"extensionId":{"value":"vscode.merge-conflict","_lower":"vscode.merge-conflict"},"activationEvent":"onStartupFinished"}
[2021-08-15 22:03:39.028] [exthost] [info] ExtensionService#loadCommonJSModule file:///usr/share/vscodium-bin/resources/app/extensions/merge-conflict/dist/mergeConflictMain
[2021-08-15 22:03:39.044] [exthost] [info] ExtensionService#_doActivateExtension Sudhan.neondark-theme {"startup":false,"extensionId":{"value":"Sudhan.neondark-theme","_lower":"sudhan.neondark-theme"},"activationEvent":"onStartupFinished"}
[2021-08-15 22:03:39.044] [exthost] [info] ExtensionService#loadCommonJSModule file:///home/starship/.vscode-oss/extensions/sudhan.neondark-theme-1.1.1/src/index.js
[2021-08-15 22:03:40.170] [exthost] [warning] [Decorations] CAPPING events from decorations provider vscode.git 5000
[2021-08-15 22:12:09.418] [exthost] [info] extension host terminating: renderer closed the socket
[2021-08-15 22:12:09.465] [exthost] [error] Activating extension Sudhan.neondark-theme failed due to an error:
[2021-08-15 22:12:09.465] [exthost] [error] Canceled: Canceled
	at Object.i [as canceled] (/usr/share/vscodium-bin/resources/app/out/vs/workbench/services/extensions/node/extensionHostProcess.js:5:1157)
	at /usr/share/vscodium-bin/resources/app/out/vs/workbench/services/extensions/node/extensionHostProcess.js:89:8181
	at Array.forEach (<anonymous>)
	at h.dispose (/usr/share/vscodium-bin/resources/app/out/vs/workbench/services/extensions/node/extensionHostProcess.js:89:8129)
	at A.terminate (/usr/share/vscodium-bin/resources/app/out/vs/workbench/services/extensions/node/extensionHostProcess.js:94:684)
	at h (/usr/share/vscodium-bin/resources/app/out/vs/workbench/services/extensions/node/extensionHostProcess.js:104:32088)
	at Socket.<anonymous> (/usr/share/vscodium-bin/resources/app/out/vs/workbench/services/extensions/node/extensionHostProcess.js:104:29731)
	at Socket.emit (events.js:327:22)
	at Pipe.<anonymous> (net.js:673:12)
[2021-08-15 22:12:10.461] [exthost] [info] exiting with code 0
