["INFO" - 9:16:31 AM] Extension Name: esbenp.prettier-vscode.
["INFO" - 9:16:31 AM] Extension Version: 8.1.0.
["INFO" - 9:18:16 AM] Formatting /home/starship/Desktop/HTML_CSS_JS/learning_again/index.html
["INFO" - 9:18:16 AM] Using ignore file (if present) at /home/starship/Desktop/HTML_CSS_JS/learning_again/.prettierignore
["INFO" - 9:18:16 AM] File Info:
{
  "ignored": false,
  "inferredParser": "html"
}
["INFO" - 9:18:16 AM] No local configuration (i.e. .prettierrc or .editorconfig) detected, falling back to VS Code configuration
["INFO" - 9:18:16 AM] Prettier Options:
{
  "arrowParens": "always",
  "bracketSpacing": true,
  "endOfLine": "lf",
  "htmlWhitespaceSensitivity": "css",
  "insertPragma": false,
  "jsxBracketSameLine": false,
  "jsxSingleQuote": false,
  "printWidth": 80,
  "proseWrap": "preserve",
  "quoteProps": "as-needed",
  "requirePragma": false,
  "semi": true,
  "singleQuote": false,
  "tabWidth": 2,
  "trailingComma": "es5",
  "useTabs": false,
  "vueIndentScriptAndStyle": false,
  "filepath": "/home/starship/Desktop/HTML_CSS_JS/learning_again/index.html",
  "parser": "html"
}
["INFO" - 9:18:17 AM] Formatting completed in 549.130927ms.
